app/build/intermediates/manifest_merge_blame_file/debug/manifest-merger-blame-debug-report.txt
1<?xml version="1.0" encoding="utf-8"?>
2<manifest xmlns:android="http://schemas.android.com/apk/res/android"
3    package="edu.polyu.screamalert"
4    android:debuggable="false"
5    android:testOnly="false"
6    android:versionCode="1"
7    android:versionName="1.0" >
8
9    <uses-sdk
10        android:minSdkVersion="14"
10-->src\main\AndroidManifest.xml
11        android:targetSdkVersion="26" />
11-->src\main\AndroidManifest.xml
12
13    <uses-permission android:name="android.permission.BLUETOOTH" />
13-->src\main\AndroidManifest.xml:10:5-68
13-->src\main\AndroidManifest.xml:10:22-65
14    <uses-permission android:name="android.permission.RECORD_AUDIO" />
14-->src\main\AndroidManifest.xml:11:5-71
14-->src\main\AndroidManifest.xml:11:22-68
15    <uses-permission android:name="android.permission.WRITE_EXTERNAL_STORAGE" />
15-->src\main\AndroidManifest.xml:12:5-81
15-->src\main\AndroidManifest.xml:12:22-78
16    <uses-permission android:name="android.permission.MODIFY_AUDIO_SETTINGS" />
16-->src\main\AndroidManifest.xml:13:5-80
16-->src\main\AndroidManifest.xml:13:22-77
17    <uses-permission android:name="android.permission.CALL_PHONE" />
17-->src\main\AndroidManifest.xml:14:5-69
17-->src\main\AndroidManifest.xml:14:22-66
18    <uses-permission android:name="android.permission.READ_PHONE_STATE" />
18-->src\main\AndroidManifest.xml:15:5-75
18-->src\main\AndroidManifest.xml:15:22-72
19    <uses-permission android:name="android.permission.SEND_SMS" />
19-->src\main\AndroidManifest.xml:16:5-66
19-->src\main\AndroidManifest.xml:16:22-64
20    <uses-permission android:name="android.permission.ACCESS_FINE_LOCATION" />
20-->src\main\AndroidManifest.xml:17:5-79
20-->src\main\AndroidManifest.xml:17:22-76
21    <uses-permission android:name="android.permission.INTERNET" />
21-->src\main\AndroidManifest.xml:18:5-67
21-->src\main\AndroidManifest.xml:18:22-64
22    <uses-permission android:name="android.permission.BROADCAST_STICKY" />
22-->src\main\AndroidManifest.xml:19:5-74
22-->src\main\AndroidManifest.xml:19:22-72
23
24    <application
24-->src\main\AndroidManifest.xml:21:5-55:19
25        android:allowBackup="true"
25-->src\main\AndroidManifest.xml:22:9-35
26        android:debuggable="true"
27        android:icon="@drawable/ic_launcher"
27-->src\main\AndroidManifest.xml:23:9-45
28        android:label="@string/app_name"
28-->src\main\AndroidManifest.xml:24:9-41
29        android:theme="@style/AppTheme" >
29-->src\main\AndroidManifest.xml:25:9-40
30        <activity
30-->src\main\AndroidManifest.xml:26:9-36:20
31            android:name="edu.polyu.screamalert.SoundProcessingActivity"
31-->src\main\AndroidManifest.xml:27:13-73
32            android:label="@string/app_name"
32-->src\main\AndroidManifest.xml:28:13-45
33            android:screenOrientation="portrait"
33-->src\main\AndroidManifest.xml:30:13-49
34            android:theme="@style/Theme.NoTitle" >
34-->src\main\AndroidManifest.xml:29:13-49
35            <intent-filter>
35-->src\main\AndroidManifest.xml:31:13-35:29
36                <action android:name="android.intent.action.MAIN" />
36-->src\main\AndroidManifest.xml:32:17-69
36-->src\main\AndroidManifest.xml:32:25-66
37
38                <category android:name="android.intent.category.LAUNCHER" />
38-->src\main\AndroidManifest.xml:34:17-77
38-->src\main\AndroidManifest.xml:34:27-74
39            </intent-filter>
40        </activity>
41        <activity
41-->src\main\AndroidManifest.xml:37:9-42:20
42            android:name="edu.polyu.screamalert.SoundProcessingSetting"
42-->src\main\AndroidManifest.xml:38:13-72
43            android:label="@string/app_name"
43-->src\main\AndroidManifest.xml:40:13-45
44            android:launchMode="singleTask"
44-->src\main\AndroidManifest.xml:39:13-44
45            android:screenOrientation="portrait" >
45-->src\main\AndroidManifest.xml:41:13-49
46        </activity>
47
48        <service
48-->src\main\AndroidManifest.xml:43:9-46:47
49            android:name="edu.polyu.screamalert.SoundProcessingService"
49-->src\main\AndroidManifest.xml:44:13-50
50            android:icon="@drawable/ic_launcher"
50-->src\main\AndroidManifest.xml:45:13-49
51            android:label="@string/app_name" />
51-->src\main\AndroidManifest.xml:46:13-45
52
53        <receiver android:name="edu.polyu.screamalert.SoundProcessingStartupReceiver" >
53-->src\main\AndroidManifest.xml:47:9-52:20
53-->src\main\AndroidManifest.xml:48:13-58
54            <intent-filter>
54-->src\main\AndroidManifest.xml:49:13-51:29
55                <action android:name="android.intent.action.BOOT_COMPLETED" />
55-->src\main\AndroidManifest.xml:50:17-78
55-->src\main\AndroidManifest.xml:50:25-76
56            </intent-filter>
57        </receiver>
58        <receiver android:name="edu.polyu.screamalert.AlarmReceiver" />
58-->src\main\AndroidManifest.xml:53:9-54:43
58-->src\main\AndroidManifest.xml:54:13-41
59
60        <meta-data
60-->[com.android.support:support-v4:26.0.0] AndroidManifest.xml:26:9-28:38
61            android:name="android.support.VERSION"
61-->[com.android.support:support-v4:26.0.0] AndroidManifest.xml:27:13-51
62            android:value="26.0.0" />
62-->[com.android.support:support-v4:26.0.0] AndroidManifest.xml:28:13-35
63    </application>
64
65</manifest><!--
66    <uses-permission android:name="android.permission.WAKE_LOCK"/>
67    <uses-permission android:name="android.permission.VIBRATE"/>
68    <uses-permission android:name="android.permission.RECEIVE_BOOT_COMPLETED" />
69    <uses-permission android:name="android.permission.CALL_PHONE" />
70    <uses-permission android:name="android.permission.READ_PHONE_STATE" />
71    <uses-permission android:name="android.permission.SEND_SMS"/>
72-->